{"/Users/vladimirtambovcev/Desktop/Dev/Web/NestJS/graphql-federation-youtube-tutorial/user/src/app.module.ts": {"path":"/Users/vladimirtambovcev/Desktop/Dev/Web/NestJS/graphql-federation-youtube-tutorial/user/src/app.module.ts","statementMap":{"0":{"start":{"line":1,"column":0},"end":{"line":1,"column":33}},"1":{"start":{"line":2,"column":0},"end":{"line":2,"column":58}},"2":{"start":{"line":3,"column":0},"end":{"line":3,"column":44}},"3":{"start":{"line":4,"column":0},"end":{"line":4,"column":39}},"4":{"start":{"line":5,"column":0},"end":{"line":5,"column":46}},"5":{"start":{"line":7,"column":0},"end":{"line":7,"column":47}},"6":{"start":{"line":8,"column":0},"end":{"line":8,"column":47}},"7":{"start":{"line":9,"column":0},"end":{"line":9,"column":46}},"8":{"start":{"line":44,"column":0},"end":{"line":48,"column":null}},"9":{"start":{"line":46,"column":8},"end":{"line":46,"column":54}},"10":{"start":{"line":44,"column":13},"end":{"line":48,"column":null}},"11":{"start":{"line":44,"column":13},"end":{"line":44,"column":22}}},"fnMap":{"0":{"name":"(anonymous_1)","decl":{"start":{"line":45,"column":4},"end":{"line":45,"column":13}},"loc":{"start":{"line":45,"column":42},"end":{"line":47,"column":5}}}},"branchMap":{},"s":{"0":0,"1":0,"2":0,"3":0,"4":0,"5":0,"6":0,"7":0,"8":0,"9":0,"10":0,"11":0},"f":{"0":0},"b":{}}
,"/Users/vladimirtambovcev/Desktop/Dev/Web/NestJS/graphql-federation-youtube-tutorial/user/src/logs.middleware.ts": {"path":"/Users/vladimirtambovcev/Desktop/Dev/Web/NestJS/graphql-federation-youtube-tutorial/user/src/logs.middleware.ts","statementMap":{"0":{"start":{"line":1,"column":0},"end":{"line":1,"column":66}},"1":{"start":{"line":5,"column":0},"end":{"line":28,"column":null}},"2":{"start":{"line":6,"column":21},"end":{"line":6,"column":49}},"3":{"start":{"line":9,"column":8},"end":{"line":24,"column":11}},"4":{"start":{"line":10,"column":42},"end":{"line":10,"column":49}},"5":{"start":{"line":11,"column":48},"end":{"line":11,"column":56}},"6":{"start":{"line":13,"column":28},"end":{"line":13,"column":85}},"7":{"start":{"line":15,"column":12},"end":{"line":17,"column":null}},"8":{"start":{"line":16,"column":16},"end":{"line":16,"column":50}},"9":{"start":{"line":19,"column":12},"end":{"line":21,"column":null}},"10":{"start":{"line":20,"column":16},"end":{"line":20,"column":49}},"11":{"start":{"line":23,"column":12},"end":{"line":23,"column":44}},"12":{"start":{"line":26,"column":8},"end":{"line":26,"column":15}},"13":{"start":{"line":5,"column":6},"end":{"line":28,"column":null}},"14":{"start":{"line":30,"column":0},"end":{"line":30,"column":30}}},"fnMap":{"0":{"name":"(anonymous_1)","decl":{"start":{"line":5,"column":0},"end":{"line":5,"column":6}},"loc":{"start":{"line":5,"column":0},"end":{"line":28,"column":1}}},"1":{"name":"(anonymous_2)","decl":{"start":{"line":8,"column":4},"end":{"line":8,"column":7}},"loc":{"start":{"line":8,"column":64},"end":{"line":27,"column":5}}},"2":{"name":"(anonymous_3)","decl":{"start":{"line":9,"column":30},"end":{"line":9,"column":33}},"loc":{"start":{"line":9,"column":35},"end":{"line":24,"column":9}}}},"branchMap":{"0":{"loc":{"start":{"line":15,"column":12},"end":{"line":17,"column":null}},"type":"if","locations":[{"start":{"line":15,"column":12},"end":{"line":17,"column":null}}]},"1":{"loc":{"start":{"line":19,"column":12},"end":{"line":21,"column":null}},"type":"if","locations":[{"start":{"line":19,"column":12},"end":{"line":21,"column":null}}]}},"s":{"0":0,"1":0,"2":0,"3":0,"4":0,"5":0,"6":0,"7":0,"8":0,"9":0,"10":0,"11":0,"12":0,"13":0,"14":0},"f":{"0":0,"1":0,"2":0},"b":{"0":[0],"1":[0]}}
,"/Users/vladimirtambovcev/Desktop/Dev/Web/NestJS/graphql-federation-youtube-tutorial/user/src/main.ts": {"path":"/Users/vladimirtambovcev/Desktop/Dev/Web/NestJS/graphql-federation-youtube-tutorial/user/src/main.ts","statementMap":{"0":{"start":{"line":1,"column":0},"end":{"line":1,"column":46}},"1":{"start":{"line":2,"column":0},"end":{"line":2,"column":52}},"2":{"start":{"line":3,"column":0},"end":{"line":3,"column":63}},"3":{"start":{"line":5,"column":0},"end":{"line":5,"column":39}},"4":{"start":{"line":6,"column":0},"end":{"line":6,"column":47}},"5":{"start":{"line":9,"column":16},"end":{"line":11,"column":6}},"6":{"start":{"line":13,"column":22},"end":{"line":13,"column":37}},"7":{"start":{"line":14,"column":4},"end":{"line":14,"column":57}},"8":{"start":{"line":15,"column":4},"end":{"line":15,"column":45}},"9":{"start":{"line":17,"column":4},"end":{"line":27,"column":null}},"10":{"start":{"line":18,"column":30},"end":{"line":24,"column":20}},"11":{"start":{"line":25,"column":25},"end":{"line":25,"column":73}},"12":{"start":{"line":26,"column":8},"end":{"line":26,"column":56}},"13":{"start":{"line":29,"column":4},"end":{"line":29,"column":27}},"14":{"start":{"line":31,"column":0},"end":{"line":31,"column":12}}},"fnMap":{"0":{"name":"bootstrap","decl":{"start":{"line":8,"column":15},"end":{"line":8,"column":24}},"loc":{"start":{"line":8,"column":24},"end":{"line":30,"column":1}}}},"branchMap":{"0":{"loc":{"start":{"line":17,"column":4},"end":{"line":27,"column":null}},"type":"if","locations":[{"start":{"line":17,"column":4},"end":{"line":27,"column":null}}]}},"s":{"0":0,"1":0,"2":0,"3":0,"4":0,"5":0,"6":0,"7":0,"8":0,"9":0,"10":0,"11":0,"12":0,"13":0,"14":0},"f":{"0":0},"b":{"0":[0]}}
,"/Users/vladimirtambovcev/Desktop/Dev/Web/NestJS/graphql-federation-youtube-tutorial/user/src/user/user.controller.ts": {"path":"/Users/vladimirtambovcev/Desktop/Dev/Web/NestJS/graphql-federation-youtube-tutorial/user/src/user/user.controller.ts","statementMap":{"0":{"start":{"line":1,"column":0},"end":{"line":1,"column":97}},"1":{"start":{"line":2,"column":0},"end":{"line":2,"column":43}},"2":{"start":{"line":3,"column":0},"end":{"line":3,"column":82}},"3":{"start":{"line":6,"column":0},"end":{"line":6,"column":52}},"4":{"start":{"line":7,"column":0},"end":{"line":7,"column":98}},"5":{"start":{"line":8,"column":0},"end":{"line":8,"column":82}},"6":{"start":{"line":10,"column":0},"end":{"line":10,"column":43}},"7":{"start":{"line":14,"column":0},"end":{"line":185,"column":null}},"8":{"start":{"line":15,"column":33},"end":{"line":15,"column":46}},"9":{"start":{"line":30,"column":8},"end":{"line":30,"column":47}},"10":{"start":{"line":46,"column":8},"end":{"line":46,"column":44}},"11":{"start":{"line":62,"column":8},"end":{"line":62,"column":47}},"12":{"start":{"line":80,"column":8},"end":{"line":80,"column":68}},"13":{"start":{"line":97,"column":8},"end":{"line":97,"column":67}},"14":{"start":{"line":115,"column":8},"end":{"line":115,"column":62}},"15":{"start":{"line":130,"column":8},"end":{"line":130,"column":80}},"16":{"start":{"line":148,"column":8},"end":{"line":148,"column":64}},"17":{"start":{"line":160,"column":8},"end":{"line":160,"column":61}},"18":{"start":{"line":171,"column":8},"end":{"line":171,"column":18}},"19":{"start":{"line":183,"column":8},"end":{"line":183,"column":54}},"20":{"start":{"line":29,"column":4},"end":{"line":31,"column":null}},"21":{"start":{"line":45,"column":4},"end":{"line":47,"column":null}},"22":{"start":{"line":61,"column":4},"end":{"line":63,"column":null}},"23":{"start":{"line":79,"column":4},"end":{"line":81,"column":null}},"24":{"start":{"line":96,"column":4},"end":{"line":98,"column":null}},"25":{"start":{"line":114,"column":4},"end":{"line":116,"column":null}},"26":{"start":{"line":129,"column":4},"end":{"line":131,"column":null}},"27":{"start":{"line":147,"column":4},"end":{"line":149,"column":null}},"28":{"start":{"line":159,"column":4},"end":{"line":161,"column":null}},"29":{"start":{"line":170,"column":4},"end":{"line":172,"column":null}},"30":{"start":{"line":182,"column":4},"end":{"line":184,"column":null}},"31":{"start":{"line":14,"column":13},"end":{"line":185,"column":null}},"32":{"start":{"line":14,"column":13},"end":{"line":14,"column":27}}},"fnMap":{"0":{"name":"(anonymous_4)","decl":{"start":{"line":15,"column":4},"end":{"line":15,"column":33}},"loc":{"start":{"line":15,"column":57},"end":{"line":15,"column":61}}},"1":{"name":"(anonymous_5)","decl":{"start":{"line":29,"column":4},"end":{"line":29,"column":12}},"loc":{"start":{"line":29,"column":38},"end":{"line":31,"column":5}}},"2":{"name":"(anonymous_6)","decl":{"start":{"line":45,"column":4},"end":{"line":45,"column":9}},"loc":{"start":{"line":45,"column":32},"end":{"line":47,"column":5}}},"3":{"name":"(anonymous_7)","decl":{"start":{"line":61,"column":4},"end":{"line":61,"column":10}},"loc":{"start":{"line":61,"column":48},"end":{"line":63,"column":5}}},"4":{"name":"(anonymous_8)","decl":{"start":{"line":79,"column":4},"end":{"line":79,"column":11}},"loc":{"start":{"line":79,"column":103},"end":{"line":81,"column":5}}},"5":{"name":"(anonymous_9)","decl":{"start":{"line":96,"column":4},"end":{"line":96,"column":9}},"loc":{"start":{"line":96,"column":58},"end":{"line":98,"column":5}}},"6":{"name":"(anonymous_10)","decl":{"start":{"line":114,"column":4},"end":{"line":114,"column":9}},"loc":{"start":{"line":114,"column":70},"end":{"line":116,"column":5}}},"7":{"name":"(anonymous_11)","decl":{"start":{"line":129,"column":4},"end":{"line":129,"column":18}},"loc":{"start":{"line":129,"column":63},"end":{"line":131,"column":5}}},"8":{"name":"(anonymous_12)","decl":{"start":{"line":147,"column":4},"end":{"line":147,"column":17}},"loc":{"start":{"line":147,"column":60},"end":{"line":149,"column":5}}},"9":{"name":"(anonymous_13)","decl":{"start":{"line":159,"column":4},"end":{"line":159,"column":9}},"loc":{"start":{"line":159,"column":60},"end":{"line":161,"column":5}}},"10":{"name":"(anonymous_14)","decl":{"start":{"line":170,"column":4},"end":{"line":170,"column":9}},"loc":{"start":{"line":170,"column":21},"end":{"line":172,"column":5}}},"11":{"name":"(anonymous_15)","decl":{"start":{"line":182,"column":4},"end":{"line":182,"column":9}},"loc":{"start":{"line":182,"column":49},"end":{"line":184,"column":5}}}},"branchMap":{},"s":{"0":0,"1":0,"2":0,"3":0,"4":0,"5":0,"6":0,"7":0,"8":0,"9":0,"10":0,"11":0,"12":0,"13":0,"14":0,"15":0,"16":0,"17":0,"18":0,"19":0,"20":0,"21":0,"22":0,"23":0,"24":0,"25":0,"26":0,"27":0,"28":0,"29":0,"30":0,"31":0,"32":0},"f":{"0":0,"1":0,"2":0,"3":0,"4":0,"5":0,"6":0,"7":0,"8":0,"9":0,"10":0,"11":0},"b":{}}
,"/Users/vladimirtambovcev/Desktop/Dev/Web/NestJS/graphql-federation-youtube-tutorial/user/src/user/user.module.ts": {"path":"/Users/vladimirtambovcev/Desktop/Dev/Web/NestJS/graphql-federation-youtube-tutorial/user/src/user/user.module.ts","statementMap":{"0":{"start":{"line":1,"column":0},"end":{"line":1,"column":38}},"1":{"start":{"line":2,"column":0},"end":{"line":2,"column":38}},"2":{"start":{"line":3,"column":0},"end":{"line":3,"column":63}},"3":{"start":{"line":4,"column":0},"end":{"line":4,"column":46}},"4":{"start":{"line":6,"column":0},"end":{"line":6,"column":44}},"5":{"start":{"line":7,"column":0},"end":{"line":7,"column":71}},"6":{"start":{"line":8,"column":0},"end":{"line":8,"column":71}},"7":{"start":{"line":9,"column":0},"end":{"line":9,"column":49}},"8":{"start":{"line":10,"column":0},"end":{"line":10,"column":43}},"9":{"start":{"line":37,"column":0},"end":{"line":37,"column":null}},"10":{"start":{"line":37,"column":13},"end":{"line":37,"column":null}},"11":{"start":{"line":37,"column":13},"end":{"line":37,"column":23}}},"fnMap":{},"branchMap":{},"s":{"0":0,"1":0,"2":0,"3":0,"4":0,"5":0,"6":0,"7":0,"8":0,"9":0,"10":0,"11":0},"f":{},"b":{}}
,"/Users/vladimirtambovcev/Desktop/Dev/Web/NestJS/graphql-federation-youtube-tutorial/user/src/user/user.service.ts": {"path":"/Users/vladimirtambovcev/Desktop/Dev/Web/NestJS/graphql-federation-youtube-tutorial/user/src/user/user.service.ts","statementMap":{"0":{"start":{"line":1,"column":0},"end":{"line":1,"column":144}},"1":{"start":{"line":2,"column":0},"end":{"line":2,"column":39}},"2":{"start":{"line":3,"column":0},"end":{"line":3,"column":50}},"3":{"start":{"line":4,"column":0},"end":{"line":4,"column":49}},"4":{"start":{"line":5,"column":0},"end":{"line":5,"column":33}},"5":{"start":{"line":6,"column":0},"end":{"line":6,"column":35}},"6":{"start":{"line":9,"column":0},"end":{"line":9,"column":44}},"7":{"start":{"line":10,"column":0},"end":{"line":10,"column":79}},"8":{"start":{"line":14,"column":0},"end":{"line":266,"column":null}},"9":{"start":{"line":16,"column":41},"end":{"line":16,"column":54}},"10":{"start":{"line":17,"column":49},"end":{"line":17,"column":65}},"11":{"start":{"line":18,"column":16},"end":{"line":18,"column":28}},"12":{"start":{"line":26,"column":8},"end":{"line":26,"column":65}},"13":{"start":{"line":36,"column":46},"end":{"line":45,"column":10}},"14":{"start":{"line":46,"column":8},"end":{"line":49,"column":10}},"15":{"start":{"line":58,"column":23},"end":{"line":58,"column":58}},"16":{"start":{"line":59,"column":8},"end":{"line":61,"column":11}},"17":{"start":{"line":70,"column":45},"end":{"line":70,"column":56}},"18":{"start":{"line":71,"column":8},"end":{"line":73,"column":null}},"19":{"start":{"line":72,"column":12},"end":{"line":72,"column":68}},"20":{"start":{"line":74,"column":30},"end":{"line":76,"column":10}},"21":{"start":{"line":77,"column":8},"end":{"line":79,"column":null}},"22":{"start":{"line":78,"column":12},"end":{"line":78,"column":79}},"23":{"start":{"line":81,"column":23},"end":{"line":81,"column":54}},"24":{"start":{"line":82,"column":24},"end":{"line":84,"column":null}},"25":{"start":{"line":86,"column":8},"end":{"line":97,"column":null}},"26":{"start":{"line":87,"column":27},"end":{"line":87,"column":85}},"27":{"start":{"line":88,"column":12},"end":{"line":88,"column":80}},"28":{"start":{"line":89,"column":32},"end":{"line":89,"column":86}},"29":{"start":{"line":90,"column":12},"end":{"line":95,"column":15}},"30":{"start":{"line":96,"column":12},"end":{"line":96,"column":26}},"31":{"start":{"line":106,"column":21},"end":{"line":106,"column":81}},"32":{"start":{"line":107,"column":8},"end":{"line":109,"column":null}},"33":{"start":{"line":108,"column":12},"end":{"line":108,"column":63}},"34":{"start":{"line":110,"column":23},"end":{"line":110,"column":75}},"35":{"start":{"line":111,"column":8},"end":{"line":111,"column":73}},"36":{"start":{"line":112,"column":8},"end":{"line":112,"column":22}},"37":{"start":{"line":121,"column":8},"end":{"line":121,"column":173}},"38":{"start":{"line":131,"column":21},"end":{"line":131,"column":70}},"39":{"start":{"line":132,"column":8},"end":{"line":134,"column":null}},"40":{"start":{"line":133,"column":12},"end":{"line":133,"column":58}},"41":{"start":{"line":135,"column":23},"end":{"line":135,"column":75}},"42":{"start":{"line":136,"column":8},"end":{"line":136,"column":73}},"43":{"start":{"line":137,"column":8},"end":{"line":137,"column":22}},"44":{"start":{"line":146,"column":22},"end":{"line":146,"column":80}},"45":{"start":{"line":147,"column":21},"end":{"line":147,"column":65}},"46":{"start":{"line":148,"column":8},"end":{"line":150,"column":null}},"47":{"start":{"line":149,"column":12},"end":{"line":149,"column":67}},"48":{"start":{"line":151,"column":8},"end":{"line":151,"column":102}},"49":{"start":{"line":151,"column":27},"end":{"line":151,"column":102}},"50":{"start":{"line":160,"column":8},"end":{"line":174,"column":null}},"51":{"start":{"line":161,"column":28},"end":{"line":163,"column":14}},"52":{"start":{"line":165,"column":12},"end":{"line":167,"column":null}},"53":{"start":{"line":166,"column":16},"end":{"line":166,"column":37}},"54":{"start":{"line":168,"column":12},"end":{"line":168,"column":44}},"55":{"start":{"line":170,"column":12},"end":{"line":172,"column":null}},"56":{"start":{"line":171,"column":16},"end":{"line":171,"column":76}},"57":{"start":{"line":173,"column":12},"end":{"line":173,"column":67}},"58":{"start":{"line":183,"column":21},"end":{"line":183,"column":70}},"59":{"start":{"line":184,"column":8},"end":{"line":186,"column":null}},"60":{"start":{"line":185,"column":12},"end":{"line":185,"column":67}},"61":{"start":{"line":187,"column":8},"end":{"line":189,"column":null}},"62":{"start":{"line":188,"column":12},"end":{"line":188,"column":78}},"63":{"start":{"line":191,"column":23},"end":{"line":191,"column":74}},"64":{"start":{"line":192,"column":28},"end":{"line":192,"column":82}},"65":{"start":{"line":193,"column":8},"end":{"line":198,"column":11}},"66":{"start":{"line":207,"column":21},"end":{"line":207,"column":65}},"67":{"start":{"line":208,"column":8},"end":{"line":210,"column":null}},"68":{"start":{"line":209,"column":12},"end":{"line":209,"column":81}},"69":{"start":{"line":211,"column":8},"end":{"line":220,"column":null}},"70":{"start":{"line":212,"column":27},"end":{"line":212,"column":79}},"71":{"start":{"line":213,"column":32},"end":{"line":213,"column":101}},"72":{"start":{"line":214,"column":12},"end":{"line":219,"column":15}},"73":{"start":{"line":229,"column":52},"end":{"line":229,"column":63}},"74":{"start":{"line":230,"column":8},"end":{"line":232,"column":null}},"75":{"start":{"line":231,"column":12},"end":{"line":231,"column":68}},"76":{"start":{"line":233,"column":22},"end":{"line":233,"column":68}},"77":{"start":{"line":234,"column":21},"end":{"line":234,"column":65}},"78":{"start":{"line":235,"column":8},"end":{"line":237,"column":null}},"79":{"start":{"line":236,"column":12},"end":{"line":236,"column":79}},"80":{"start":{"line":239,"column":23},"end":{"line":239,"column":54}},"81":{"start":{"line":240,"column":28},"end":{"line":240,"column":95}},"82":{"start":{"line":241,"column":8},"end":{"line":251,"column":null}},"83":{"start":{"line":242,"column":27},"end":{"line":242,"column":79}},"84":{"start":{"line":243,"column":12},"end":{"line":243,"column":77}},"85":{"start":{"line":244,"column":12},"end":{"line":249,"column":15}},"86":{"start":{"line":250,"column":12},"end":{"line":250,"column":26}},"87":{"start":{"line":258,"column":8},"end":{"line":260,"column":null}},"88":{"start":{"line":259,"column":12},"end":{"line":259,"column":41}},"89":{"start":{"line":261,"column":8},"end":{"line":264,"column":10}},"90":{"start":{"line":14,"column":13},"end":{"line":266,"column":null}},"91":{"start":{"line":14,"column":13},"end":{"line":14,"column":24}}},"fnMap":{"0":{"name":"(anonymous_4)","decl":{"start":{"line":15,"column":4},"end":{"line":15,"column":null}},"loc":{"start":{"line":18,"column":38},"end":{"line":19,"column":8}}},"1":{"name":"(anonymous_5)","decl":{"start":{"line":25,"column":12},"end":{"line":25,"column":17}},"loc":{"start":{"line":25,"column":57},"end":{"line":27,"column":5}}},"2":{"name":"(anonymous_6)","decl":{"start":{"line":35,"column":12},"end":{"line":35,"column":17}},"loc":{"start":{"line":35,"column":57},"end":{"line":50,"column":5}}},"3":{"name":"(anonymous_7)","decl":{"start":{"line":57,"column":12},"end":{"line":57,"column":17}},"loc":{"start":{"line":57,"column":77},"end":{"line":62,"column":5}}},"4":{"name":"(anonymous_8)","decl":{"start":{"line":69,"column":4},"end":{"line":69,"column":9}},"loc":{"start":{"line":69,"column":43},"end":{"line":98,"column":5}}},"5":{"name":"(anonymous_9)","decl":{"start":{"line":105,"column":4},"end":{"line":105,"column":9}},"loc":{"start":{"line":105,"column":34},"end":{"line":113,"column":5}}},"6":{"name":"(anonymous_10)","decl":{"start":{"line":120,"column":4},"end":{"line":120,"column":9}},"loc":{"start":{"line":120,"column":31},"end":{"line":122,"column":5}}},"7":{"name":"(anonymous_11)","decl":{"start":{"line":130,"column":4},"end":{"line":130,"column":9}},"loc":{"start":{"line":130,"column":60},"end":{"line":138,"column":5}}},"8":{"name":"(anonymous_12)","decl":{"start":{"line":145,"column":4},"end":{"line":145,"column":9}},"loc":{"start":{"line":145,"column":48},"end":{"line":152,"column":5}}},"9":{"name":"(anonymous_13)","decl":{"start":{"line":159,"column":12},"end":{"line":159,"column":17}},"loc":{"start":{"line":159,"column":60},"end":{"line":175,"column":5}}},"10":{"name":"(anonymous_14)","decl":{"start":{"line":182,"column":4},"end":{"line":182,"column":9}},"loc":{"start":{"line":182,"column":47},"end":{"line":199,"column":5}}},"11":{"name":"(anonymous_15)","decl":{"start":{"line":206,"column":4},"end":{"line":206,"column":9}},"loc":{"start":{"line":206,"column":46},"end":{"line":221,"column":5}}},"12":{"name":"(anonymous_16)","decl":{"start":{"line":228,"column":4},"end":{"line":228,"column":9}},"loc":{"start":{"line":228,"column":53},"end":{"line":252,"column":5}}},"13":{"name":"(anonymous_17)","decl":{"start":{"line":257,"column":4},"end":{"line":257,"column":9}},"loc":{"start":{"line":257,"column":30},"end":{"line":265,"column":5}}}},"branchMap":{"0":{"loc":{"start":{"line":71,"column":8},"end":{"line":73,"column":null}},"type":"if","locations":[{"start":{"line":71,"column":8},"end":{"line":73,"column":null}}]},"1":{"loc":{"start":{"line":77,"column":8},"end":{"line":79,"column":null}},"type":"if","locations":[{"start":{"line":77,"column":8},"end":{"line":79,"column":null}}]},"2":{"loc":{"start":{"line":86,"column":8},"end":{"line":97,"column":null}},"type":"if","locations":[{"start":{"line":86,"column":8},"end":{"line":97,"column":null}}]},"3":{"loc":{"start":{"line":107,"column":8},"end":{"line":109,"column":null}},"type":"if","locations":[{"start":{"line":107,"column":8},"end":{"line":109,"column":null}}]},"4":{"loc":{"start":{"line":107,"column":12},"end":{"line":107,"column":78}},"type":"binary-expr","locations":[{"start":{"line":107,"column":12},"end":{"line":107,"column":17}},{"start":{"line":107,"column":21},"end":{"line":107,"column":78}}]},"5":{"loc":{"start":{"line":132,"column":8},"end":{"line":134,"column":null}},"type":"if","locations":[{"start":{"line":132,"column":8},"end":{"line":134,"column":null}}]},"6":{"loc":{"start":{"line":132,"column":12},"end":{"line":132,"column":115}},"type":"binary-expr","locations":[{"start":{"line":132,"column":12},"end":{"line":132,"column":17}},{"start":{"line":132,"column":21},"end":{"line":132,"column":47}},{"start":{"line":132,"column":51},"end":{"line":132,"column":115}}]},"7":{"loc":{"start":{"line":148,"column":8},"end":{"line":150,"column":null}},"type":"if","locations":[{"start":{"line":148,"column":8},"end":{"line":150,"column":null}}]},"8":{"loc":{"start":{"line":151,"column":8},"end":{"line":151,"column":102}},"type":"if","locations":[{"start":{"line":151,"column":8},"end":{"line":151,"column":102}}]},"9":{"loc":{"start":{"line":151,"column":12},"end":{"line":151,"column":25}},"type":"binary-expr","locations":[{"start":{"line":151,"column":12},"end":{"line":151,"column":17}},{"start":{"line":151,"column":21},"end":{"line":151,"column":25}}]},"10":{"loc":{"start":{"line":165,"column":12},"end":{"line":167,"column":null}},"type":"if","locations":[{"start":{"line":165,"column":12},"end":{"line":167,"column":null}}]},"11":{"loc":{"start":{"line":165,"column":16},"end":{"line":165,"column":65}},"type":"binary-expr","locations":[{"start":{"line":165,"column":16},"end":{"line":165,"column":43}},{"start":{"line":165,"column":47},"end":{"line":165,"column":65}}]},"12":{"loc":{"start":{"line":170,"column":12},"end":{"line":172,"column":null}},"type":"if","locations":[{"start":{"line":170,"column":12},"end":{"line":172,"column":null}}]},"13":{"loc":{"start":{"line":170,"column":16},"end":{"line":170,"column":27}},"type":"cond-expr","locations":[{"start":{"line":170,"column":21},"end":{"line":170,"column":23}},{"start":{"line":170,"column":16},"end":{"line":170,"column":27}}]},"14":{"loc":{"start":{"line":170,"column":16},"end":{"line":170,"column":23}},"type":"binary-expr","locations":[{"start":{"line":170,"column":16},"end":{"line":170,"column":23}},{"start":{"line":170,"column":16},"end":{"line":170,"column":23}}]},"15":{"loc":{"start":{"line":184,"column":8},"end":{"line":186,"column":null}},"type":"if","locations":[{"start":{"line":184,"column":8},"end":{"line":186,"column":null}}]},"16":{"loc":{"start":{"line":187,"column":8},"end":{"line":189,"column":null}},"type":"if","locations":[{"start":{"line":187,"column":8},"end":{"line":189,"column":null}}]},"17":{"loc":{"start":{"line":208,"column":8},"end":{"line":210,"column":null}},"type":"if","locations":[{"start":{"line":208,"column":8},"end":{"line":210,"column":null}}]},"18":{"loc":{"start":{"line":211,"column":8},"end":{"line":220,"column":null}},"type":"if","locations":[{"start":{"line":211,"column":8},"end":{"line":220,"column":null}}]},"19":{"loc":{"start":{"line":230,"column":8},"end":{"line":232,"column":null}},"type":"if","locations":[{"start":{"line":230,"column":8},"end":{"line":232,"column":null}}]},"20":{"loc":{"start":{"line":235,"column":8},"end":{"line":237,"column":null}},"type":"if","locations":[{"start":{"line":235,"column":8},"end":{"line":237,"column":null}}]},"21":{"loc":{"start":{"line":235,"column":12},"end":{"line":235,"column":27}},"type":"binary-expr","locations":[{"start":{"line":235,"column":12},"end":{"line":235,"column":17}},{"start":{"line":235,"column":21},"end":{"line":235,"column":27}}]},"22":{"loc":{"start":{"line":241,"column":8},"end":{"line":251,"column":null}},"type":"if","locations":[{"start":{"line":241,"column":8},"end":{"line":251,"column":null}}]},"23":{"loc":{"start":{"line":258,"column":8},"end":{"line":260,"column":null}},"type":"if","locations":[{"start":{"line":258,"column":8},"end":{"line":260,"column":null}}]}},"s":{"0":1,"1":1,"2":1,"3":1,"4":1,"5":1,"6":1,"7":1,"8":1,"9":1,"10":1,"11":1,"12":0,"13":0,"14":0,"15":0,"16":0,"17":3,"18":3,"19":1,"20":2,"21":2,"22":2,"23":0,"24":0,"25":0,"26":0,"27":0,"28":0,"29":0,"30":0,"31":0,"32":0,"33":0,"34":0,"35":0,"36":0,"37":0,"38":0,"39":0,"40":0,"41":0,"42":0,"43":0,"44":0,"45":0,"46":0,"47":0,"48":0,"49":0,"50":0,"51":0,"52":0,"53":0,"54":0,"55":0,"56":0,"57":0,"58":0,"59":0,"60":0,"61":0,"62":0,"63":0,"64":0,"65":0,"66":0,"67":0,"68":0,"69":0,"70":0,"71":0,"72":0,"73":0,"74":0,"75":0,"76":0,"77":0,"78":0,"79":0,"80":0,"81":0,"82":0,"83":0,"84":0,"85":0,"86":0,"87":0,"88":0,"89":0,"90":1,"91":1},"f":{"0":1,"1":0,"2":0,"3":0,"4":3,"5":0,"6":0,"7":0,"8":0,"9":0,"10":0,"11":0,"12":0,"13":0},"b":{"0":[1],"1":[2],"2":[0],"3":[0],"4":[0,0],"5":[0],"6":[0,0,0],"7":[0],"8":[0],"9":[0,0],"10":[0],"11":[0,0],"12":[0],"13":[0,0],"14":[0,0],"15":[0],"16":[0],"17":[0],"18":[0],"19":[0],"20":[0],"21":[0,0],"22":[0],"23":[0]}}
,"/Users/vladimirtambovcev/Desktop/Dev/Web/NestJS/graphql-federation-youtube-tutorial/user/src/user/decorators/getCurrentUser.decorator.ts": {"path":"/Users/vladimirtambovcev/Desktop/Dev/Web/NestJS/graphql-federation-youtube-tutorial/user/src/user/decorators/getCurrentUser.decorator.ts","statementMap":{"0":{"start":{"line":1,"column":0},"end":{"line":1,"column":70}},"1":{"start":{"line":3,"column":13},"end":{"line":7,"column":3}},"2":{"start":{"line":4,"column":16},"end":{"line":4,"column":51}},"3":{"start":{"line":5,"column":4},"end":{"line":5,"column":31}},"4":{"start":{"line":5,"column":15},"end":{"line":5,"column":31}},"5":{"start":{"line":6,"column":4},"end":{"line":6,"column":26}}},"fnMap":{"0":{"name":"(anonymous_0)","decl":{"start":{"line":3,"column":51},"end":{"line":3,"column":52}},"loc":{"start":{"line":3,"column":107},"end":{"line":7,"column":1}}}},"branchMap":{"0":{"loc":{"start":{"line":5,"column":4},"end":{"line":5,"column":31}},"type":"if","locations":[{"start":{"line":5,"column":4},"end":{"line":5,"column":31}}]}},"s":{"0":0,"1":0,"2":0,"3":0,"4":0,"5":0},"f":{"0":0},"b":{"0":[0]}}
,"/Users/vladimirtambovcev/Desktop/Dev/Web/NestJS/graphql-federation-youtube-tutorial/user/src/user/decorators/index.ts": {"path":"/Users/vladimirtambovcev/Desktop/Dev/Web/NestJS/graphql-federation-youtube-tutorial/user/src/user/decorators/index.ts","statementMap":{"0":{"start":{"line":1,"column":0},"end":{"line":1,"column":43}},"1":{"start":{"line":2,"column":0},"end":{"line":2,"column":35}}},"fnMap":{},"branchMap":{},"s":{"0":0,"1":0},"f":{},"b":{}}
,"/Users/vladimirtambovcev/Desktop/Dev/Web/NestJS/graphql-federation-youtube-tutorial/user/src/user/decorators/public.decorator.ts": {"path":"/Users/vladimirtambovcev/Desktop/Dev/Web/NestJS/graphql-federation-youtube-tutorial/user/src/user/decorators/public.decorator.ts","statementMap":{"0":{"start":{"line":1,"column":0},"end":{"line":1,"column":43}},"1":{"start":{"line":3,"column":22},"end":{"line":3,"column":57}},"2":{"start":{"line":3,"column":28},"end":{"line":3,"column":57}},"3":{"start":{"line":3,"column":13},"end":{"line":3,"column":22}}},"fnMap":{"0":{"name":"(anonymous_0)","decl":{"start":{"line":3,"column":22},"end":{"line":3,"column":25}},"loc":{"start":{"line":3,"column":28},"end":{"line":3,"column":57}}}},"branchMap":{},"s":{"0":0,"1":0,"2":0,"3":0},"f":{"0":0},"b":{}}
,"/Users/vladimirtambovcev/Desktop/Dev/Web/NestJS/graphql-federation-youtube-tutorial/user/src/user/dto/confirm-email.dto.ts": {"path":"/Users/vladimirtambovcev/Desktop/Dev/Web/NestJS/graphql-federation-youtube-tutorial/user/src/user/dto/confirm-email.dto.ts","statementMap":{"0":{"start":{"line":1,"column":0},"end":{"line":1,"column":44}},"1":{"start":{"line":2,"column":0},"end":{"line":2,"column":53}},"2":{"start":{"line":11,"column":4},"end":{"line":11,"column":null}},"3":{"start":{"line":4,"column":0},"end":{"line":4,"column":13}}},"fnMap":{},"branchMap":{},"s":{"0":0,"1":0,"2":0,"3":0},"f":{},"b":{}}
,"/Users/vladimirtambovcev/Desktop/Dev/Web/NestJS/graphql-federation-youtube-tutorial/user/src/user/dto/forgot-password.dto.ts": {"path":"/Users/vladimirtambovcev/Desktop/Dev/Web/NestJS/graphql-federation-youtube-tutorial/user/src/user/dto/forgot-password.dto.ts","statementMap":{"0":{"start":{"line":1,"column":0},"end":{"line":1,"column":44}},"1":{"start":{"line":2,"column":0},"end":{"line":2,"column":62}},"2":{"start":{"line":12,"column":4},"end":{"line":12,"column":null}},"3":{"start":{"line":4,"column":0},"end":{"line":4,"column":13}}},"fnMap":{},"branchMap":{},"s":{"0":0,"1":0,"2":0,"3":0},"f":{},"b":{}}
,"/Users/vladimirtambovcev/Desktop/Dev/Web/NestJS/graphql-federation-youtube-tutorial/user/src/user/dto/index.ts": {"path":"/Users/vladimirtambovcev/Desktop/Dev/Web/NestJS/graphql-federation-youtube-tutorial/user/src/user/dto/index.ts","statementMap":{"0":{"start":{"line":1,"column":0},"end":{"line":1,"column":36}},"1":{"start":{"line":2,"column":0},"end":{"line":2,"column":38}},"2":{"start":{"line":3,"column":0},"end":{"line":3,"column":28}},"3":{"start":{"line":4,"column":0},"end":{"line":4,"column":31}},"4":{"start":{"line":5,"column":0},"end":{"line":5,"column":37}}},"fnMap":{},"branchMap":{},"s":{"0":0,"1":0,"2":0,"3":0,"4":0},"f":{},"b":{}}
,"/Users/vladimirtambovcev/Desktop/Dev/Web/NestJS/graphql-federation-youtube-tutorial/user/src/user/dto/login.dto.ts": {"path":"/Users/vladimirtambovcev/Desktop/Dev/Web/NestJS/graphql-federation-youtube-tutorial/user/src/user/dto/login.dto.ts","statementMap":{"0":{"start":{"line":1,"column":0},"end":{"line":1,"column":44}},"1":{"start":{"line":2,"column":0},"end":{"line":2,"column":93}},"2":{"start":{"line":12,"column":4},"end":{"line":12,"column":null}},"3":{"start":{"line":24,"column":4},"end":{"line":24,"column":null}},"4":{"start":{"line":4,"column":0},"end":{"line":4,"column":13}}},"fnMap":{},"branchMap":{},"s":{"0":0,"1":0,"2":0,"3":0,"4":0},"f":{},"b":{}}
,"/Users/vladimirtambovcev/Desktop/Dev/Web/NestJS/graphql-federation-youtube-tutorial/user/src/user/dto/register.dto.ts": {"path":"/Users/vladimirtambovcev/Desktop/Dev/Web/NestJS/graphql-federation-youtube-tutorial/user/src/user/dto/register.dto.ts","statementMap":{"0":{"start":{"line":1,"column":0},"end":{"line":1,"column":44}},"1":{"start":{"line":2,"column":0},"end":{"line":2,"column":93}},"2":{"start":{"line":12,"column":4},"end":{"line":12,"column":null}},"3":{"start":{"line":25,"column":4},"end":{"line":25,"column":null}},"4":{"start":{"line":38,"column":4},"end":{"line":38,"column":null}},"5":{"start":{"line":4,"column":0},"end":{"line":4,"column":13}}},"fnMap":{},"branchMap":{},"s":{"0":0,"1":0,"2":0,"3":0,"4":0,"5":0},"f":{},"b":{}}
,"/Users/vladimirtambovcev/Desktop/Dev/Web/NestJS/graphql-federation-youtube-tutorial/user/src/user/dto/reset-password.dto.ts": {"path":"/Users/vladimirtambovcev/Desktop/Dev/Web/NestJS/graphql-federation-youtube-tutorial/user/src/user/dto/reset-password.dto.ts","statementMap":{"0":{"start":{"line":1,"column":0},"end":{"line":1,"column":44}},"1":{"start":{"line":2,"column":0},"end":{"line":2,"column":84}},"2":{"start":{"line":11,"column":4},"end":{"line":11,"column":null}},"3":{"start":{"line":24,"column":4},"end":{"line":24,"column":null}},"4":{"start":{"line":37,"column":4},"end":{"line":37,"column":null}},"5":{"start":{"line":4,"column":0},"end":{"line":4,"column":13}}},"fnMap":{},"branchMap":{},"s":{"0":0,"1":0,"2":0,"3":0,"4":0,"5":0},"f":{},"b":{}}
,"/Users/vladimirtambovcev/Desktop/Dev/Web/NestJS/graphql-federation-youtube-tutorial/user/src/user/entities/user.entity.ts": {"path":"/Users/vladimirtambovcev/Desktop/Dev/Web/NestJS/graphql-federation-youtube-tutorial/user/src/user/entities/user.entity.ts","statementMap":{"0":{"start":{"line":1,"column":0},"end":{"line":1,"column":42}},"1":{"start":{"line":2,"column":0},"end":{"line":2,"column":99}},"2":{"start":{"line":5,"column":0},"end":{"line":28,"column":null}},"3":{"start":{"line":7,"column":4},"end":{"line":7,"column":null}},"4":{"start":{"line":10,"column":4},"end":{"line":10,"column":null}},"5":{"start":{"line":13,"column":4},"end":{"line":13,"column":null}},"6":{"start":{"line":18,"column":4},"end":{"line":18,"column":null}},"7":{"start":{"line":21,"column":4},"end":{"line":21,"column":null}},"8":{"start":{"line":24,"column":4},"end":{"line":24,"column":null}},"9":{"start":{"line":23,"column":57},"end":{"line":23,"column":79}},"10":{"start":{"line":27,"column":4},"end":{"line":27,"column":null}},"11":{"start":{"line":26,"column":57},"end":{"line":26,"column":79}},"12":{"start":{"line":5,"column":13},"end":{"line":28,"column":null}},"13":{"start":{"line":5,"column":13},"end":{"line":5,"column":17}}},"fnMap":{"0":{"name":"(anonymous_2)","decl":{"start":{"line":23,"column":51},"end":{"line":23,"column":54}},"loc":{"start":{"line":23,"column":57},"end":{"line":23,"column":79}}},"1":{"name":"(anonymous_3)","decl":{"start":{"line":26,"column":51},"end":{"line":26,"column":54}},"loc":{"start":{"line":26,"column":57},"end":{"line":26,"column":79}}}},"branchMap":{},"s":{"0":1,"1":1,"2":1,"3":1,"4":1,"5":1,"6":1,"7":1,"8":1,"9":1,"10":1,"11":1,"12":1,"13":1},"f":{"0":1,"1":1},"b":{}}
,"/Users/vladimirtambovcev/Desktop/Dev/Web/NestJS/graphql-federation-youtube-tutorial/user/src/user/guards/accessToken.guard.ts": {"path":"/Users/vladimirtambovcev/Desktop/Dev/Web/NestJS/graphql-federation-youtube-tutorial/user/src/user/guards/accessToken.guard.ts","statementMap":{"0":{"start":{"line":1,"column":0},"end":{"line":1,"column":60}},"1":{"start":{"line":2,"column":0},"end":{"line":2,"column":39}},"2":{"start":{"line":3,"column":0},"end":{"line":3,"column":43}},"3":{"start":{"line":6,"column":0},"end":{"line":17,"column":null}},"4":{"start":{"line":8,"column":8},"end":{"line":8,"column":16}},"5":{"start":{"line":7,"column":24},"end":{"line":7,"column":35}},"6":{"start":{"line":12,"column":25},"end":{"line":12,"column":113}},"7":{"start":{"line":13,"column":8},"end":{"line":13,"column":34}},"8":{"start":{"line":13,"column":22},"end":{"line":13,"column":34}},"9":{"start":{"line":15,"column":8},"end":{"line":15,"column":42}},"10":{"start":{"line":6,"column":13},"end":{"line":17,"column":null}},"11":{"start":{"line":6,"column":13},"end":{"line":6,"column":29}}},"fnMap":{"0":{"name":"(anonymous_2)","decl":{"start":{"line":7,"column":4},"end":{"line":7,"column":24}},"loc":{"start":{"line":7,"column":44},"end":{"line":9,"column":5}}},"1":{"name":"(anonymous_3)","decl":{"start":{"line":11,"column":4},"end":{"line":11,"column":15}},"loc":{"start":{"line":11,"column":41},"end":{"line":16,"column":5}}}},"branchMap":{"0":{"loc":{"start":{"line":13,"column":8},"end":{"line":13,"column":34}},"type":"if","locations":[{"start":{"line":13,"column":8},"end":{"line":13,"column":34}}]}},"s":{"0":0,"1":0,"2":0,"3":0,"4":0,"5":0,"6":0,"7":0,"8":0,"9":0,"10":0,"11":0},"f":{"0":0,"1":0},"b":{"0":[0]}}
,"/Users/vladimirtambovcev/Desktop/Dev/Web/NestJS/graphql-federation-youtube-tutorial/user/src/user/guards/emailConfirmed.guard.ts": {"path":"/Users/vladimirtambovcev/Desktop/Dev/Web/NestJS/graphql-federation-youtube-tutorial/user/src/user/guards/emailConfirmed.guard.ts","statementMap":{"0":{"start":{"line":1,"column":0},"end":{"line":1,"column":96}},"1":{"start":{"line":2,"column":0},"end":{"line":2,"column":49}},"2":{"start":{"line":3,"column":0},"end":{"line":3,"column":35}},"3":{"start":{"line":5,"column":0},"end":{"line":5,"column":45}},"4":{"start":{"line":8,"column":0},"end":{"line":21,"column":null}},"5":{"start":{"line":9,"column":57},"end":{"line":9,"column":73}},"6":{"start":{"line":12,"column":24},"end":{"line":12,"column":59}},"7":{"start":{"line":14,"column":8},"end":{"line":17,"column":null}},"8":{"start":{"line":15,"column":25},"end":{"line":15,"column":89}},"9":{"start":{"line":16,"column":12},"end":{"line":16,"column":51}},"10":{"start":{"line":16,"column":39},"end":{"line":16,"column":51}},"11":{"start":{"line":19,"column":8},"end":{"line":19,"column":68}},"12":{"start":{"line":8,"column":13},"end":{"line":21,"column":null}},"13":{"start":{"line":8,"column":13},"end":{"line":8,"column":32}}},"fnMap":{"0":{"name":"(anonymous_4)","decl":{"start":{"line":9,"column":4},"end":{"line":9,"column":17}},"loc":{"start":{"line":9,"column":89},"end":{"line":9,"column":93}}},"1":{"name":"(anonymous_5)","decl":{"start":{"line":11,"column":4},"end":{"line":11,"column":9}},"loc":{"start":{"line":11,"column":47},"end":{"line":20,"column":5}}}},"branchMap":{"0":{"loc":{"start":{"line":14,"column":8},"end":{"line":17,"column":null}},"type":"if","locations":[{"start":{"line":14,"column":8},"end":{"line":17,"column":null}}]},"1":{"loc":{"start":{"line":14,"column":12},"end":{"line":14,"column":31}},"type":"cond-expr","locations":[{"start":{"line":14,"column":24},"end":{"line":14,"column":26}},{"start":{"line":14,"column":24},"end":{"line":14,"column":31}}]},"2":{"loc":{"start":{"line":14,"column":12},"end":{"line":14,"column":26}},"type":"binary-expr","locations":[{"start":{"line":14,"column":12},"end":{"line":14,"column":26}},{"start":{"line":14,"column":24},"end":{"line":14,"column":26}}]},"3":{"loc":{"start":{"line":16,"column":12},"end":{"line":16,"column":51}},"type":"if","locations":[{"start":{"line":16,"column":12},"end":{"line":16,"column":51}}]}},"s":{"0":0,"1":0,"2":0,"3":0,"4":0,"5":0,"6":0,"7":0,"8":0,"9":0,"10":0,"11":0,"12":0,"13":0},"f":{"0":0,"1":0},"b":{"0":[0],"1":[0,0],"2":[0,0],"3":[0]}}
,"/Users/vladimirtambovcev/Desktop/Dev/Web/NestJS/graphql-federation-youtube-tutorial/user/src/user/guards/index.ts": {"path":"/Users/vladimirtambovcev/Desktop/Dev/Web/NestJS/graphql-federation-youtube-tutorial/user/src/user/guards/index.ts","statementMap":{"0":{"start":{"line":1,"column":0},"end":{"line":1,"column":36}},"1":{"start":{"line":2,"column":0},"end":{"line":2,"column":39}},"2":{"start":{"line":3,"column":0},"end":{"line":3,"column":37}}},"fnMap":{},"branchMap":{},"s":{"0":0,"1":0,"2":0},"f":{},"b":{}}
,"/Users/vladimirtambovcev/Desktop/Dev/Web/NestJS/graphql-federation-youtube-tutorial/user/src/user/guards/refreshToken.guard.ts": {"path":"/Users/vladimirtambovcev/Desktop/Dev/Web/NestJS/graphql-federation-youtube-tutorial/user/src/user/guards/refreshToken.guard.ts","statementMap":{"0":{"start":{"line":1,"column":0},"end":{"line":1,"column":42}},"1":{"start":{"line":2,"column":0},"end":{"line":2,"column":43}},"2":{"start":{"line":5,"column":0},"end":{"line":9,"column":null}},"3":{"start":{"line":7,"column":8},"end":{"line":7,"column":16}},"4":{"start":{"line":5,"column":13},"end":{"line":9,"column":null}},"5":{"start":{"line":5,"column":13},"end":{"line":5,"column":30}}},"fnMap":{"0":{"name":"(anonymous_2)","decl":{"start":{"line":6,"column":4},"end":{"line":6,"column":null}},"loc":{"start":{"line":6,"column":4},"end":{"line":8,"column":5}}}},"branchMap":{},"s":{"0":0,"1":0,"2":0,"3":0,"4":0,"5":0},"f":{"0":0},"b":{}}
,"/Users/vladimirtambovcev/Desktop/Dev/Web/NestJS/graphql-federation-youtube-tutorial/user/src/user/strategies/accessToken.strategy.ts": {"path":"/Users/vladimirtambovcev/Desktop/Dev/Web/NestJS/graphql-federation-youtube-tutorial/user/src/user/strategies/accessToken.strategy.ts","statementMap":{"0":{"start":{"line":1,"column":0},"end":{"line":1,"column":42}},"1":{"start":{"line":2,"column":0},"end":{"line":2,"column":50}},"2":{"start":{"line":3,"column":0},"end":{"line":3,"column":50}},"3":{"start":{"line":8,"column":13},"end":{"line":8,"column":420}},"4":{"start":{"line":11,"column":0},"end":{"line":22,"column":null}},"5":{"start":{"line":13,"column":8},"end":{"line":16,"column":11}},"6":{"start":{"line":20,"column":8},"end":{"line":20,"column":23}},"7":{"start":{"line":11,"column":13},"end":{"line":22,"column":null}},"8":{"start":{"line":11,"column":13},"end":{"line":11,"column":32}}},"fnMap":{"0":{"name":"(anonymous_2)","decl":{"start":{"line":12,"column":4},"end":{"line":12,"column":null}},"loc":{"start":{"line":12,"column":4},"end":{"line":17,"column":5}}},"1":{"name":"(anonymous_3)","decl":{"start":{"line":19,"column":4},"end":{"line":19,"column":12}},"loc":{"start":{"line":19,"column":33},"end":{"line":21,"column":5}}}},"branchMap":{},"s":{"0":1,"1":1,"2":1,"3":1,"4":1,"5":0,"6":0,"7":1,"8":1},"f":{"0":0,"1":0},"b":{}}
,"/Users/vladimirtambovcev/Desktop/Dev/Web/NestJS/graphql-federation-youtube-tutorial/user/src/user/strategies/index.ts": {"path":"/Users/vladimirtambovcev/Desktop/Dev/Web/NestJS/graphql-federation-youtube-tutorial/user/src/user/strategies/index.ts","statementMap":{"0":{"start":{"line":1,"column":0},"end":{"line":1,"column":39}},"1":{"start":{"line":2,"column":0},"end":{"line":2,"column":40}}},"fnMap":{},"branchMap":{},"s":{"0":1,"1":1},"f":{},"b":{}}
,"/Users/vladimirtambovcev/Desktop/Dev/Web/NestJS/graphql-federation-youtube-tutorial/user/src/user/strategies/oauth-google.strategy.ts": {"path":"/Users/vladimirtambovcev/Desktop/Dev/Web/NestJS/graphql-federation-youtube-tutorial/user/src/user/strategies/oauth-google.strategy.ts","statementMap":{"0":{"start":{"line":1,"column":0},"end":{"line":1,"column":42}},"1":{"start":{"line":2,"column":0},"end":{"line":2,"column":50}},"2":{"start":{"line":3,"column":0},"end":{"line":3,"column":49}},"3":{"start":{"line":6,"column":13},"end":{"line":6,"column":420}},"4":{"start":{"line":15,"column":0},"end":{"line":44,"column":null}},"5":{"start":{"line":17,"column":8},"end":{"line":24,"column":11}},"6":{"start":{"line":31,"column":39},"end":{"line":31,"column":46}},"7":{"start":{"line":32,"column":21},"end":{"line":38,"column":10}},"8":{"start":{"line":39,"column":8},"end":{"line":39,"column":25}},"9":{"start":{"line":15,"column":13},"end":{"line":44,"column":null}},"10":{"start":{"line":15,"column":13},"end":{"line":15,"column":32}}},"fnMap":{"0":{"name":"(anonymous_2)","decl":{"start":{"line":16,"column":4},"end":{"line":16,"column":null}},"loc":{"start":{"line":16,"column":4},"end":{"line":25,"column":5}}},"1":{"name":"(anonymous_3)","decl":{"start":{"line":30,"column":4},"end":{"line":30,"column":12}},"loc":{"start":{"line":30,"column":79},"end":{"line":40,"column":5}}}},"branchMap":{},"s":{"0":0,"1":0,"2":0,"3":0,"4":0,"5":0,"6":0,"7":0,"8":0,"9":0,"10":0},"f":{"0":0,"1":0},"b":{}}
,"/Users/vladimirtambovcev/Desktop/Dev/Web/NestJS/graphql-federation-youtube-tutorial/user/src/user/strategies/refreshToken.strategy.ts": {"path":"/Users/vladimirtambovcev/Desktop/Dev/Web/NestJS/graphql-federation-youtube-tutorial/user/src/user/strategies/refreshToken.strategy.ts","statementMap":{"0":{"start":{"line":1,"column":0},"end":{"line":1,"column":42}},"1":{"start":{"line":2,"column":0},"end":{"line":2,"column":50}},"2":{"start":{"line":4,"column":0},"end":{"line":4,"column":50}},"3":{"start":{"line":9,"column":13},"end":{"line":9,"column":457}},"4":{"start":{"line":12,"column":0},"end":{"line":25,"column":null}},"5":{"start":{"line":14,"column":8},"end":{"line":18,"column":11}},"6":{"start":{"line":22,"column":29},"end":{"line":22,"column":82}},"7":{"start":{"line":23,"column":8},"end":{"line":23,"column":42}},"8":{"start":{"line":12,"column":13},"end":{"line":25,"column":null}},"9":{"start":{"line":12,"column":13},"end":{"line":12,"column":33}}},"fnMap":{"0":{"name":"(anonymous_2)","decl":{"start":{"line":13,"column":4},"end":{"line":13,"column":null}},"loc":{"start":{"line":13,"column":4},"end":{"line":19,"column":5}}},"1":{"name":"(anonymous_3)","decl":{"start":{"line":21,"column":4},"end":{"line":21,"column":12}},"loc":{"start":{"line":21,"column":47},"end":{"line":24,"column":5}}}},"branchMap":{},"s":{"0":1,"1":1,"2":1,"3":1,"4":1,"5":0,"6":0,"7":0,"8":1,"9":1},"f":{"0":0,"1":0},"b":{}}
,"/Users/vladimirtambovcev/Desktop/Dev/Web/NestJS/graphql-federation-youtube-tutorial/user/src/user/tests/e2e/user.e2e-spec.ts": {"path":"/Users/vladimirtambovcev/Desktop/Dev/Web/NestJS/graphql-federation-youtube-tutorial/user/src/user/tests/e2e/user.e2e-spec.ts","statementMap":{"0":{"start":{"line":1,"column":0},"end":{"line":1,"column":37}},"1":{"start":{"line":8,"column":21},"end":{"line":8,"column":79}},"2":{"start":{"line":8,"column":46},"end":{"line":8,"column":79}},"3":{"start":{"line":10,"column":12},"end":{"line":10,"column":35}},"4":{"start":{"line":12,"column":0},"end":{"line":329,"column":3}},"5":{"start":{"line":13,"column":19},"end":{"line":13,"column":33}},"6":{"start":{"line":14,"column":40},"end":{"line":18,"column":6}},"7":{"start":{"line":20,"column":4},"end":{"line":136,"column":7}},"8":{"start":{"line":22,"column":8},"end":{"line":41,"column":11}},"9":{"start":{"line":23,"column":12},"end":{"line":40,"column":15}},"10":{"start":{"line":24,"column":42},"end":{"line":28,"column":18}},"11":{"start":{"line":29,"column":16},"end":{"line":39,"column":23}},"12":{"start":{"line":35,"column":24},"end":{"line":35,"column":64}},"13":{"start":{"line":36,"column":24},"end":{"line":36,"column":78}},"14":{"start":{"line":37,"column":24},"end":{"line":37,"column":65}},"15":{"start":{"line":38,"column":24},"end":{"line":38,"column":79}},"16":{"start":{"line":44,"column":8},"end":{"line":70,"column":11}},"17":{"start":{"line":45,"column":12},"end":{"line":57,"column":15}},"18":{"start":{"line":46,"column":16},"end":{"line":56,"column":23}},"19":{"start":{"line":52,"column":24},"end":{"line":52,"column":64}},"20":{"start":{"line":53,"column":24},"end":{"line":53,"column":78}},"21":{"start":{"line":54,"column":24},"end":{"line":54,"column":65}},"22":{"start":{"line":55,"column":24},"end":{"line":55,"column":79}},"23":{"start":{"line":58,"column":12},"end":{"line":69,"column":15}},"24":{"start":{"line":59,"column":16},"end":{"line":68,"column":23}},"25":{"start":{"line":65,"column":24},"end":{"line":65,"column":61}},"26":{"start":{"line":66,"column":24},"end":{"line":66,"column":92}},"27":{"start":{"line":67,"column":24},"end":{"line":67,"column":63}},"28":{"start":{"line":73,"column":8},"end":{"line":92,"column":11}},"29":{"start":{"line":74,"column":27},"end":{"line":74,"column":41}},"30":{"start":{"line":75,"column":38},"end":{"line":79,"column":14}},"31":{"start":{"line":80,"column":12},"end":{"line":91,"column":15}},"32":{"start":{"line":81,"column":16},"end":{"line":90,"column":23}},"33":{"start":{"line":87,"column":24},"end":{"line":87,"column":61}},"34":{"start":{"line":88,"column":24},"end":{"line":88,"column":79}},"35":{"start":{"line":89,"column":24},"end":{"line":89,"column":66}},"36":{"start":{"line":95,"column":8},"end":{"line":113,"column":11}},"37":{"start":{"line":96,"column":12},"end":{"line":112,"column":15}},"38":{"start":{"line":97,"column":42},"end":{"line":101,"column":18}},"39":{"start":{"line":102,"column":16},"end":{"line":111,"column":23}},"40":{"start":{"line":108,"column":24},"end":{"line":108,"column":61}},"41":{"start":{"line":109,"column":24},"end":{"line":109,"column":82}},"42":{"start":{"line":110,"column":24},"end":{"line":110,"column":66}},"43":{"start":{"line":116,"column":8},"end":{"line":135,"column":11}},"44":{"start":{"line":117,"column":12},"end":{"line":134,"column":15}},"45":{"start":{"line":118,"column":42},"end":{"line":122,"column":18}},"46":{"start":{"line":123,"column":16},"end":{"line":133,"column":23}},"47":{"start":{"line":129,"column":24},"end":{"line":129,"column":61}},"48":{"start":{"line":130,"column":24},"end":{"line":130,"column":114}},"49":{"start":{"line":131,"column":24},"end":{"line":131,"column":122}},"50":{"start":{"line":132,"column":24},"end":{"line":132,"column":66}},"51":{"start":{"line":138,"column":4},"end":{"line":218,"column":7}},"52":{"start":{"line":140,"column":8},"end":{"line":154,"column":11}},"53":{"start":{"line":141,"column":12},"end":{"line":153,"column":15}},"54":{"start":{"line":142,"column":16},"end":{"line":152,"column":23}},"55":{"start":{"line":148,"column":24},"end":{"line":148,"column":64}},"56":{"start":{"line":149,"column":24},"end":{"line":149,"column":78}},"57":{"start":{"line":150,"column":24},"end":{"line":150,"column":65}},"58":{"start":{"line":151,"column":24},"end":{"line":151,"column":79}},"59":{"start":{"line":157,"column":8},"end":{"line":175,"column":11}},"60":{"start":{"line":158,"column":12},"end":{"line":174,"column":15}},"61":{"start":{"line":159,"column":42},"end":{"line":163,"column":18}},"62":{"start":{"line":164,"column":16},"end":{"line":173,"column":23}},"63":{"start":{"line":170,"column":24},"end":{"line":170,"column":61}},"64":{"start":{"line":171,"column":24},"end":{"line":171,"column":76}},"65":{"start":{"line":172,"column":24},"end":{"line":172,"column":64}},"66":{"start":{"line":178,"column":8},"end":{"line":196,"column":11}},"67":{"start":{"line":179,"column":12},"end":{"line":195,"column":15}},"68":{"start":{"line":180,"column":42},"end":{"line":184,"column":18}},"69":{"start":{"line":185,"column":16},"end":{"line":194,"column":23}},"70":{"start":{"line":191,"column":24},"end":{"line":191,"column":61}},"71":{"start":{"line":192,"column":24},"end":{"line":192,"column":82}},"72":{"start":{"line":193,"column":24},"end":{"line":193,"column":66}},"73":{"start":{"line":199,"column":8},"end":{"line":217,"column":11}},"74":{"start":{"line":200,"column":12},"end":{"line":216,"column":15}},"75":{"start":{"line":201,"column":42},"end":{"line":205,"column":18}},"76":{"start":{"line":206,"column":16},"end":{"line":215,"column":23}},"77":{"start":{"line":212,"column":24},"end":{"line":212,"column":61}},"78":{"start":{"line":213,"column":24},"end":{"line":213,"column":114}},"79":{"start":{"line":214,"column":24},"end":{"line":214,"column":66}},"80":{"start":{"line":220,"column":4},"end":{"line":257,"column":7}},"81":{"start":{"line":222,"column":8},"end":{"line":241,"column":11}},"82":{"start":{"line":224,"column":12},"end":{"line":237,"column":15}},"83":{"start":{"line":225,"column":16},"end":{"line":236,"column":23}},"84":{"start":{"line":231,"column":24},"end":{"line":231,"column":64}},"85":{"start":{"line":232,"column":24},"end":{"line":232,"column":78}},"86":{"start":{"line":233,"column":24},"end":{"line":233,"column":65}},"87":{"start":{"line":234,"column":24},"end":{"line":234,"column":79}},"88":{"start":{"line":235,"column":24},"end":{"line":235,"column":56}},"89":{"start":{"line":238,"column":12},"end":{"line":240,"column":15}},"90":{"start":{"line":239,"column":16},"end":{"line":239,"column":177}},"91":{"start":{"line":244,"column":8},"end":{"line":256,"column":11}},"92":{"start":{"line":245,"column":12},"end":{"line":255,"column":15}},"93":{"start":{"line":246,"column":16},"end":{"line":254,"column":23}},"94":{"start":{"line":252,"column":24},"end":{"line":252,"column":61}},"95":{"start":{"line":253,"column":24},"end":{"line":253,"column":69}},"96":{"start":{"line":259,"column":4},"end":{"line":307,"column":7}},"97":{"start":{"line":261,"column":8},"end":{"line":291,"column":11}},"98":{"start":{"line":263,"column":12},"end":{"line":276,"column":15}},"99":{"start":{"line":264,"column":16},"end":{"line":275,"column":23}},"100":{"start":{"line":270,"column":24},"end":{"line":270,"column":64}},"101":{"start":{"line":271,"column":24},"end":{"line":271,"column":78}},"102":{"start":{"line":272,"column":24},"end":{"line":272,"column":65}},"103":{"start":{"line":273,"column":24},"end":{"line":273,"column":79}},"104":{"start":{"line":274,"column":24},"end":{"line":274,"column":58}},"105":{"start":{"line":277,"column":12},"end":{"line":290,"column":15}},"106":{"start":{"line":278,"column":16},"end":{"line":289,"column":23}},"107":{"start":{"line":284,"column":24},"end":{"line":284,"column":64}},"108":{"start":{"line":285,"column":24},"end":{"line":285,"column":78}},"109":{"start":{"line":286,"column":24},"end":{"line":286,"column":65}},"110":{"start":{"line":287,"column":24},"end":{"line":287,"column":79}},"111":{"start":{"line":288,"column":24},"end":{"line":288,"column":58}},"112":{"start":{"line":294,"column":8},"end":{"line":306,"column":11}},"113":{"start":{"line":295,"column":12},"end":{"line":305,"column":15}},"114":{"start":{"line":296,"column":16},"end":{"line":304,"column":23}},"115":{"start":{"line":302,"column":24},"end":{"line":302,"column":61}},"116":{"start":{"line":303,"column":24},"end":{"line":303,"column":69}},"117":{"start":{"line":309,"column":4},"end":{"line":328,"column":7}}},"fnMap":{"0":{"name":"(anonymous_0)","decl":{"start":{"line":8,"column":21},"end":{"line":8,"column":22}},"loc":{"start":{"line":8,"column":46},"end":{"line":8,"column":79}}},"1":{"name":"(anonymous_1)","decl":{"start":{"line":12,"column":33},"end":{"line":12,"column":36}},"loc":{"start":{"line":12,"column":38},"end":{"line":329,"column":1}}},"2":{"name":"(anonymous_2)","decl":{"start":{"line":20,"column":25},"end":{"line":20,"column":28}},"loc":{"start":{"line":20,"column":30},"end":{"line":136,"column":5}}},"3":{"name":"(anonymous_3)","decl":{"start":{"line":22,"column":38},"end":{"line":22,"column":41}},"loc":{"start":{"line":22,"column":43},"end":{"line":41,"column":9}}},"4":{"name":"(anonymous_4)","decl":{"start":{"line":23,"column":41},"end":{"line":23,"column":44}},"loc":{"start":{"line":23,"column":46},"end":{"line":40,"column":13}}},"5":{"name":"(anonymous_5)","decl":{"start":{"line":34,"column":28},"end":{"line":34,"column":29}},"loc":{"start":{"line":34,"column":39},"end":{"line":39,"column":21}}},"6":{"name":"(anonymous_6)","decl":{"start":{"line":44,"column":68},"end":{"line":44,"column":71}},"loc":{"start":{"line":44,"column":73},"end":{"line":70,"column":9}}},"7":{"name":"(anonymous_7)","decl":{"start":{"line":45,"column":41},"end":{"line":45,"column":44}},"loc":{"start":{"line":45,"column":46},"end":{"line":57,"column":13}}},"8":{"name":"(anonymous_8)","decl":{"start":{"line":51,"column":28},"end":{"line":51,"column":29}},"loc":{"start":{"line":51,"column":39},"end":{"line":56,"column":21}}},"9":{"name":"(anonymous_9)","decl":{"start":{"line":58,"column":41},"end":{"line":58,"column":44}},"loc":{"start":{"line":58,"column":46},"end":{"line":69,"column":13}}},"10":{"name":"(anonymous_10)","decl":{"start":{"line":64,"column":28},"end":{"line":64,"column":29}},"loc":{"start":{"line":64,"column":39},"end":{"line":68,"column":21}}},"11":{"name":"(anonymous_11)","decl":{"start":{"line":73,"column":56},"end":{"line":73,"column":59}},"loc":{"start":{"line":73,"column":61},"end":{"line":92,"column":9}}},"12":{"name":"(anonymous_12)","decl":{"start":{"line":80,"column":41},"end":{"line":80,"column":44}},"loc":{"start":{"line":80,"column":46},"end":{"line":91,"column":13}}},"13":{"name":"(anonymous_13)","decl":{"start":{"line":86,"column":28},"end":{"line":86,"column":29}},"loc":{"start":{"line":86,"column":39},"end":{"line":90,"column":21}}},"14":{"name":"(anonymous_14)","decl":{"start":{"line":95,"column":36},"end":{"line":95,"column":39}},"loc":{"start":{"line":95,"column":41},"end":{"line":113,"column":9}}},"15":{"name":"(anonymous_15)","decl":{"start":{"line":96,"column":41},"end":{"line":96,"column":44}},"loc":{"start":{"line":96,"column":46},"end":{"line":112,"column":13}}},"16":{"name":"(anonymous_16)","decl":{"start":{"line":107,"column":28},"end":{"line":107,"column":29}},"loc":{"start":{"line":107,"column":39},"end":{"line":111,"column":21}}},"17":{"name":"(anonymous_17)","decl":{"start":{"line":116,"column":59},"end":{"line":116,"column":62}},"loc":{"start":{"line":116,"column":64},"end":{"line":135,"column":9}}},"18":{"name":"(anonymous_18)","decl":{"start":{"line":117,"column":41},"end":{"line":117,"column":44}},"loc":{"start":{"line":117,"column":46},"end":{"line":134,"column":13}}},"19":{"name":"(anonymous_19)","decl":{"start":{"line":128,"column":28},"end":{"line":128,"column":29}},"loc":{"start":{"line":128,"column":39},"end":{"line":133,"column":21}}},"20":{"name":"(anonymous_20)","decl":{"start":{"line":138,"column":22},"end":{"line":138,"column":25}},"loc":{"start":{"line":138,"column":27},"end":{"line":218,"column":5}}},"21":{"name":"(anonymous_21)","decl":{"start":{"line":140,"column":64},"end":{"line":140,"column":67}},"loc":{"start":{"line":140,"column":69},"end":{"line":154,"column":9}}},"22":{"name":"(anonymous_22)","decl":{"start":{"line":141,"column":38},"end":{"line":141,"column":41}},"loc":{"start":{"line":141,"column":43},"end":{"line":153,"column":13}}},"23":{"name":"(anonymous_23)","decl":{"start":{"line":147,"column":28},"end":{"line":147,"column":29}},"loc":{"start":{"line":147,"column":39},"end":{"line":152,"column":21}}},"24":{"name":"(anonymous_24)","decl":{"start":{"line":157,"column":59},"end":{"line":157,"column":62}},"loc":{"start":{"line":157,"column":64},"end":{"line":175,"column":9}}},"25":{"name":"(anonymous_25)","decl":{"start":{"line":158,"column":38},"end":{"line":158,"column":41}},"loc":{"start":{"line":158,"column":43},"end":{"line":174,"column":13}}},"26":{"name":"(anonymous_26)","decl":{"start":{"line":169,"column":28},"end":{"line":169,"column":29}},"loc":{"start":{"line":169,"column":39},"end":{"line":173,"column":21}}},"27":{"name":"(anonymous_27)","decl":{"start":{"line":178,"column":44},"end":{"line":178,"column":47}},"loc":{"start":{"line":178,"column":49},"end":{"line":196,"column":9}}},"28":{"name":"(anonymous_28)","decl":{"start":{"line":179,"column":38},"end":{"line":179,"column":41}},"loc":{"start":{"line":179,"column":43},"end":{"line":195,"column":13}}},"29":{"name":"(anonymous_29)","decl":{"start":{"line":190,"column":28},"end":{"line":190,"column":29}},"loc":{"start":{"line":190,"column":39},"end":{"line":194,"column":21}}},"30":{"name":"(anonymous_30)","decl":{"start":{"line":199,"column":66},"end":{"line":199,"column":69}},"loc":{"start":{"line":199,"column":71},"end":{"line":217,"column":9}}},"31":{"name":"(anonymous_31)","decl":{"start":{"line":200,"column":38},"end":{"line":200,"column":41}},"loc":{"start":{"line":200,"column":43},"end":{"line":216,"column":13}}},"32":{"name":"(anonymous_32)","decl":{"start":{"line":211,"column":28},"end":{"line":211,"column":29}},"loc":{"start":{"line":211,"column":39},"end":{"line":215,"column":21}}},"33":{"name":"(anonymous_33)","decl":{"start":{"line":220,"column":23},"end":{"line":220,"column":26}},"loc":{"start":{"line":220,"column":28},"end":{"line":257,"column":5}}},"34":{"name":"(anonymous_34)","decl":{"start":{"line":222,"column":45},"end":{"line":222,"column":48}},"loc":{"start":{"line":222,"column":50},"end":{"line":241,"column":9}}},"35":{"name":"(anonymous_35)","decl":{"start":{"line":224,"column":38},"end":{"line":224,"column":41}},"loc":{"start":{"line":224,"column":43},"end":{"line":237,"column":13}}},"36":{"name":"(anonymous_36)","decl":{"start":{"line":230,"column":28},"end":{"line":230,"column":29}},"loc":{"start":{"line":230,"column":39},"end":{"line":236,"column":21}}},"37":{"name":"(anonymous_37)","decl":{"start":{"line":238,"column":39},"end":{"line":238,"column":42}},"loc":{"start":{"line":238,"column":44},"end":{"line":240,"column":13}}},"38":{"name":"(anonymous_38)","decl":{"start":{"line":244,"column":56},"end":{"line":244,"column":59}},"loc":{"start":{"line":244,"column":61},"end":{"line":256,"column":9}}},"39":{"name":"(anonymous_39)","decl":{"start":{"line":245,"column":39},"end":{"line":245,"column":42}},"loc":{"start":{"line":245,"column":44},"end":{"line":255,"column":13}}},"40":{"name":"(anonymous_40)","decl":{"start":{"line":251,"column":28},"end":{"line":251,"column":29}},"loc":{"start":{"line":251,"column":39},"end":{"line":254,"column":21}}},"41":{"name":"(anonymous_41)","decl":{"start":{"line":259,"column":34},"end":{"line":259,"column":37}},"loc":{"start":{"line":259,"column":39},"end":{"line":307,"column":5}}},"42":{"name":"(anonymous_42)","decl":{"start":{"line":261,"column":45},"end":{"line":261,"column":48}},"loc":{"start":{"line":261,"column":50},"end":{"line":291,"column":9}}},"43":{"name":"(anonymous_43)","decl":{"start":{"line":263,"column":38},"end":{"line":263,"column":41}},"loc":{"start":{"line":263,"column":43},"end":{"line":276,"column":13}}},"44":{"name":"(anonymous_44)","decl":{"start":{"line":269,"column":28},"end":{"line":269,"column":29}},"loc":{"start":{"line":269,"column":39},"end":{"line":275,"column":21}}},"45":{"name":"(anonymous_45)","decl":{"start":{"line":277,"column":40},"end":{"line":277,"column":43}},"loc":{"start":{"line":277,"column":45},"end":{"line":290,"column":13}}},"46":{"name":"(anonymous_46)","decl":{"start":{"line":283,"column":28},"end":{"line":283,"column":29}},"loc":{"start":{"line":283,"column":39},"end":{"line":289,"column":21}}},"47":{"name":"(anonymous_47)","decl":{"start":{"line":294,"column":49},"end":{"line":294,"column":52}},"loc":{"start":{"line":294,"column":54},"end":{"line":306,"column":9}}},"48":{"name":"(anonymous_48)","decl":{"start":{"line":295,"column":40},"end":{"line":295,"column":43}},"loc":{"start":{"line":295,"column":45},"end":{"line":305,"column":13}}},"49":{"name":"(anonymous_49)","decl":{"start":{"line":301,"column":28},"end":{"line":301,"column":29}},"loc":{"start":{"line":301,"column":39},"end":{"line":304,"column":21}}},"50":{"name":"(anonymous_50)","decl":{"start":{"line":309,"column":77},"end":{"line":309,"column":80}},"loc":{"start":{"line":309,"column":82},"end":{"line":328,"column":5}}}},"branchMap":{"0":{"loc":{"start":{"line":8,"column":22},"end":{"line":8,"column":29}},"type":"default-arg","locations":[{"start":{"line":8,"column":28},"end":{"line":8,"column":29}}]},"1":{"loc":{"start":{"line":8,"column":31},"end":{"line":8,"column":41}},"type":"default-arg","locations":[{"start":{"line":8,"column":37},"end":{"line":8,"column":41}}]}},"s":{"0":0,"1":0,"2":0,"3":0,"4":0,"5":0,"6":0,"7":0,"8":0,"9":0,"10":0,"11":0,"12":0,"13":0,"14":0,"15":0,"16":0,"17":0,"18":0,"19":0,"20":0,"21":0,"22":0,"23":0,"24":0,"25":0,"26":0,"27":0,"28":0,"29":0,"30":0,"31":0,"32":0,"33":0,"34":0,"35":0,"36":0,"37":0,"38":0,"39":0,"40":0,"41":0,"42":0,"43":0,"44":0,"45":0,"46":0,"47":0,"48":0,"49":0,"50":0,"51":0,"52":0,"53":0,"54":0,"55":0,"56":0,"57":0,"58":0,"59":0,"60":0,"61":0,"62":0,"63":0,"64":0,"65":0,"66":0,"67":0,"68":0,"69":0,"70":0,"71":0,"72":0,"73":0,"74":0,"75":0,"76":0,"77":0,"78":0,"79":0,"80":0,"81":0,"82":0,"83":0,"84":0,"85":0,"86":0,"87":0,"88":0,"89":0,"90":0,"91":0,"92":0,"93":0,"94":0,"95":0,"96":0,"97":0,"98":0,"99":0,"100":0,"101":0,"102":0,"103":0,"104":0,"105":0,"106":0,"107":0,"108":0,"109":0,"110":0,"111":0,"112":0,"113":0,"114":0,"115":0,"116":0,"117":0},"f":{"0":0,"1":0,"2":0,"3":0,"4":0,"5":0,"6":0,"7":0,"8":0,"9":0,"10":0,"11":0,"12":0,"13":0,"14":0,"15":0,"16":0,"17":0,"18":0,"19":0,"20":0,"21":0,"22":0,"23":0,"24":0,"25":0,"26":0,"27":0,"28":0,"29":0,"30":0,"31":0,"32":0,"33":0,"34":0,"35":0,"36":0,"37":0,"38":0,"39":0,"40":0,"41":0,"42":0,"43":0,"44":0,"45":0,"46":0,"47":0,"48":0,"49":0,"50":0},"b":{"0":[0],"1":[0]}}
,"/Users/vladimirtambovcev/Desktop/Dev/Web/NestJS/graphql-federation-youtube-tutorial/user/src/user/types/index.ts": {"path":"/Users/vladimirtambovcev/Desktop/Dev/Web/NestJS/graphql-federation-youtube-tutorial/user/src/user/types/index.ts","statementMap":{"0":{"start":{"line":1,"column":0},"end":{"line":1,"column":29}},"1":{"start":{"line":2,"column":0},"end":{"line":2,"column":35}},"2":{"start":{"line":3,"column":0},"end":{"line":3,"column":30}}},"fnMap":{},"branchMap":{},"s":{"0":0,"1":0,"2":0},"f":{},"b":{}}
}
