TN:
SF:src/app.module.ts
FN:45,(anonymous_1)
FNF:1
FNH:0
FNDA:0,(anonymous_1)
DA:1,0
DA:2,0
DA:3,0
DA:4,0
DA:5,0
DA:7,0
DA:8,0
DA:9,0
DA:44,0
DA:46,0
LF:10
LH:0
BRF:0
BRH:0
end_of_record
TN:
SF:src/logs.middleware.ts
FN:5,(anonymous_1)
FN:8,(anonymous_2)
FN:9,(anonymous_3)
FNF:3
FNH:0
FNDA:0,(anonymous_1)
FNDA:0,(anonymous_2)
FNDA:0,(anonymous_3)
DA:1,0
DA:5,0
DA:6,0
DA:9,0
DA:10,0
DA:11,0
DA:13,0
DA:15,0
DA:16,0
DA:19,0
DA:20,0
DA:23,0
DA:26,0
DA:30,0
LF:14
LH:0
BRDA:15,0,0,0
BRDA:19,1,0,0
BRF:2
BRH:0
end_of_record
TN:
SF:src/main.ts
FN:8,bootstrap
FNF:1
FNH:0
FNDA:0,bootstrap
DA:1,0
DA:2,0
DA:3,0
DA:5,0
DA:6,0
DA:9,0
DA:13,0
DA:14,0
DA:15,0
DA:17,0
DA:18,0
DA:25,0
DA:26,0
DA:29,0
DA:31,0
LF:15
LH:0
BRDA:17,0,0,0
BRF:1
BRH:0
end_of_record
TN:
SF:src/user/user.controller.ts
FN:15,(anonymous_4)
FN:29,(anonymous_5)
FN:45,(anonymous_6)
FN:61,(anonymous_7)
FN:79,(anonymous_8)
FN:96,(anonymous_9)
FN:114,(anonymous_10)
FN:129,(anonymous_11)
FN:147,(anonymous_12)
FN:159,(anonymous_13)
FN:170,(anonymous_14)
FN:182,(anonymous_15)
FNF:12
FNH:0
FNDA:0,(anonymous_4)
FNDA:0,(anonymous_5)
FNDA:0,(anonymous_6)
FNDA:0,(anonymous_7)
FNDA:0,(anonymous_8)
FNDA:0,(anonymous_9)
FNDA:0,(anonymous_10)
FNDA:0,(anonymous_11)
FNDA:0,(anonymous_12)
FNDA:0,(anonymous_13)
FNDA:0,(anonymous_14)
FNDA:0,(anonymous_15)
DA:1,0
DA:2,0
DA:3,0
DA:6,0
DA:7,0
DA:8,0
DA:10,0
DA:14,0
DA:15,0
DA:29,0
DA:30,0
DA:45,0
DA:46,0
DA:61,0
DA:62,0
DA:79,0
DA:80,0
DA:96,0
DA:97,0
DA:114,0
DA:115,0
DA:129,0
DA:130,0
DA:147,0
DA:148,0
DA:159,0
DA:160,0
DA:170,0
DA:171,0
DA:182,0
DA:183,0
LF:31
LH:0
BRF:0
BRH:0
end_of_record
TN:
SF:src/user/user.module.ts
FNF:0
FNH:0
DA:1,0
DA:2,0
DA:3,0
DA:4,0
DA:6,0
DA:7,0
DA:8,0
DA:9,0
DA:10,0
DA:37,0
LF:10
LH:0
BRF:0
BRH:0
end_of_record
TN:
SF:src/user/user.service.ts
FN:15,(anonymous_4)
FN:25,(anonymous_5)
FN:35,(anonymous_6)
FN:57,(anonymous_7)
FN:69,(anonymous_8)
FN:105,(anonymous_9)
FN:120,(anonymous_10)
FN:130,(anonymous_11)
FN:145,(anonymous_12)
FN:159,(anonymous_13)
FN:182,(anonymous_14)
FN:206,(anonymous_15)
FN:228,(anonymous_16)
FN:257,(anonymous_17)
FNF:14
FNH:2
FNDA:1,(anonymous_4)
FNDA:0,(anonymous_5)
FNDA:0,(anonymous_6)
FNDA:0,(anonymous_7)
FNDA:3,(anonymous_8)
FNDA:0,(anonymous_9)
FNDA:0,(anonymous_10)
FNDA:0,(anonymous_11)
FNDA:0,(anonymous_12)
FNDA:0,(anonymous_13)
FNDA:0,(anonymous_14)
FNDA:0,(anonymous_15)
FNDA:0,(anonymous_16)
FNDA:0,(anonymous_17)
DA:1,1
DA:2,1
DA:3,1
DA:4,1
DA:5,1
DA:6,1
DA:9,1
DA:10,1
DA:14,1
DA:16,1
DA:17,1
DA:18,1
DA:26,0
DA:36,0
DA:46,0
DA:58,0
DA:59,0
DA:70,3
DA:71,3
DA:72,1
DA:74,2
DA:77,2
DA:78,2
DA:81,0
DA:82,0
DA:86,0
DA:87,0
DA:88,0
DA:89,0
DA:90,0
DA:96,0
DA:106,0
DA:107,0
DA:108,0
DA:110,0
DA:111,0
DA:112,0
DA:121,0
DA:131,0
DA:132,0
DA:133,0
DA:135,0
DA:136,0
DA:137,0
DA:146,0
DA:147,0
DA:148,0
DA:149,0
DA:151,0
DA:160,0
DA:161,0
DA:165,0
DA:166,0
DA:168,0
DA:170,0
DA:171,0
DA:173,0
DA:183,0
DA:184,0
DA:185,0
DA:187,0
DA:188,0
DA:191,0
DA:192,0
DA:193,0
DA:207,0
DA:208,0
DA:209,0
DA:211,0
DA:212,0
DA:213,0
DA:214,0
DA:229,0
DA:230,0
DA:231,0
DA:233,0
DA:234,0
DA:235,0
DA:236,0
DA:239,0
DA:240,0
DA:241,0
DA:242,0
DA:243,0
DA:244,0
DA:250,0
DA:258,0
DA:259,0
DA:261,0
LF:89
LH:18
BRDA:71,0,0,1
BRDA:77,1,0,2
BRDA:86,2,0,0
BRDA:107,3,0,0
BRDA:107,4,0,0
BRDA:107,4,1,0
BRDA:132,5,0,0
BRDA:132,6,0,0
BRDA:132,6,1,0
BRDA:132,6,2,0
BRDA:148,7,0,0
BRDA:151,8,0,0
BRDA:151,9,0,0
BRDA:151,9,1,0
BRDA:165,10,0,0
BRDA:165,11,0,0
BRDA:165,11,1,0
BRDA:170,12,0,0
BRDA:170,13,0,0
BRDA:170,13,1,0
BRDA:170,14,0,0
BRDA:170,14,1,0
BRDA:184,15,0,0
BRDA:187,16,0,0
BRDA:208,17,0,0
BRDA:211,18,0,0
BRDA:230,19,0,0
BRDA:235,20,0,0
BRDA:235,21,0,0
BRDA:235,21,1,0
BRDA:241,22,0,0
BRDA:258,23,0,0
BRF:32
BRH:2
end_of_record
TN:
SF:src/user/decorators/getCurrentUser.decorator.ts
FN:3,(anonymous_0)
FNF:1
FNH:0
FNDA:0,(anonymous_0)
DA:1,0
DA:3,0
DA:4,0
DA:5,0
DA:6,0
LF:5
LH:0
BRDA:5,0,0,0
BRF:1
BRH:0
end_of_record
TN:
SF:src/user/decorators/index.ts
FNF:0
FNH:0
DA:1,0
DA:2,0
LF:2
LH:0
BRF:0
BRH:0
end_of_record
TN:
SF:src/user/decorators/public.decorator.ts
FN:3,(anonymous_0)
FNF:1
FNH:0
FNDA:0,(anonymous_0)
DA:1,0
DA:3,0
LF:2
LH:0
BRF:0
BRH:0
end_of_record
TN:
SF:src/user/dto/confirm-email.dto.ts
FNF:0
FNH:0
DA:1,0
DA:2,0
DA:4,0
DA:11,0
LF:4
LH:0
BRF:0
BRH:0
end_of_record
TN:
SF:src/user/dto/forgot-password.dto.ts
FNF:0
FNH:0
DA:1,0
DA:2,0
DA:4,0
DA:12,0
LF:4
LH:0
BRF:0
BRH:0
end_of_record
TN:
SF:src/user/dto/index.ts
FNF:0
FNH:0
DA:1,0
DA:2,0
DA:3,0
DA:4,0
DA:5,0
LF:5
LH:0
BRF:0
BRH:0
end_of_record
TN:
SF:src/user/dto/login.dto.ts
FNF:0
FNH:0
DA:1,0
DA:2,0
DA:4,0
DA:12,0
DA:24,0
LF:5
LH:0
BRF:0
BRH:0
end_of_record
TN:
SF:src/user/dto/register.dto.ts
FNF:0
FNH:0
DA:1,0
DA:2,0
DA:4,0
DA:12,0
DA:25,0
DA:38,0
LF:6
LH:0
BRF:0
BRH:0
end_of_record
TN:
SF:src/user/dto/reset-password.dto.ts
FNF:0
FNH:0
DA:1,0
DA:2,0
DA:4,0
DA:11,0
DA:24,0
DA:37,0
LF:6
LH:0
BRF:0
BRH:0
end_of_record
TN:
SF:src/user/entities/user.entity.ts
FN:23,(anonymous_2)
FN:26,(anonymous_3)
FNF:2
FNH:2
FNDA:1,(anonymous_2)
FNDA:1,(anonymous_3)
DA:1,1
DA:2,1
DA:5,1
DA:7,1
DA:10,1
DA:13,1
DA:18,1
DA:21,1
DA:23,1
DA:24,1
DA:26,1
DA:27,1
LF:12
LH:12
BRF:0
BRH:0
end_of_record
TN:
SF:src/user/guards/accessToken.guard.ts
FN:7,(anonymous_2)
FN:11,(anonymous_3)
FNF:2
FNH:0
FNDA:0,(anonymous_2)
FNDA:0,(anonymous_3)
DA:1,0
DA:2,0
DA:3,0
DA:6,0
DA:7,0
DA:8,0
DA:12,0
DA:13,0
DA:15,0
LF:9
LH:0
BRDA:13,0,0,0
BRF:1
BRH:0
end_of_record
TN:
SF:src/user/guards/emailConfirmed.guard.ts
FN:9,(anonymous_4)
FN:11,(anonymous_5)
FNF:2
FNH:0
FNDA:0,(anonymous_4)
FNDA:0,(anonymous_5)
DA:1,0
DA:2,0
DA:3,0
DA:5,0
DA:8,0
DA:9,0
DA:12,0
DA:14,0
DA:15,0
DA:16,0
DA:19,0
LF:11
LH:0
BRDA:14,0,0,0
BRDA:14,1,0,0
BRDA:14,1,1,0
BRDA:14,2,0,0
BRDA:14,2,1,0
BRDA:16,3,0,0
BRF:6
BRH:0
end_of_record
TN:
SF:src/user/guards/index.ts
FNF:0
FNH:0
DA:1,0
DA:2,0
DA:3,0
LF:3
LH:0
BRF:0
BRH:0
end_of_record
TN:
SF:src/user/guards/refreshToken.guard.ts
FN:6,(anonymous_2)
FNF:1
FNH:0
FNDA:0,(anonymous_2)
DA:1,0
DA:2,0
DA:5,0
DA:7,0
LF:4
LH:0
BRF:0
BRH:0
end_of_record
TN:
SF:src/user/strategies/accessToken.strategy.ts
FN:12,(anonymous_2)
FN:19,(anonymous_3)
FNF:2
FNH:0
FNDA:0,(anonymous_2)
FNDA:0,(anonymous_3)
DA:1,1
DA:2,1
DA:3,1
DA:8,1
DA:11,1
DA:13,0
DA:20,0
LF:7
LH:5
BRF:0
BRH:0
end_of_record
TN:
SF:src/user/strategies/index.ts
FNF:0
FNH:0
DA:1,1
DA:2,1
LF:2
LH:2
BRF:0
BRH:0
end_of_record
TN:
SF:src/user/strategies/oauth-google.strategy.ts
FN:16,(anonymous_2)
FN:30,(anonymous_3)
FNF:2
FNH:0
FNDA:0,(anonymous_2)
FNDA:0,(anonymous_3)
DA:1,0
DA:2,0
DA:3,0
DA:6,0
DA:15,0
DA:17,0
DA:31,0
DA:32,0
DA:39,0
LF:9
LH:0
BRF:0
BRH:0
end_of_record
TN:
SF:src/user/strategies/refreshToken.strategy.ts
FN:13,(anonymous_2)
FN:21,(anonymous_3)
FNF:2
FNH:0
FNDA:0,(anonymous_2)
FNDA:0,(anonymous_3)
DA:1,1
DA:2,1
DA:4,1
DA:9,1
DA:12,1
DA:14,0
DA:22,0
DA:23,0
LF:8
LH:5
BRF:0
BRH:0
end_of_record
TN:
SF:src/user/tests/e2e/user.e2e-spec.ts
FN:8,(anonymous_0)
FN:12,(anonymous_1)
FN:20,(anonymous_2)
FN:22,(anonymous_3)
FN:23,(anonymous_4)
FN:34,(anonymous_5)
FN:44,(anonymous_6)
FN:45,(anonymous_7)
FN:51,(anonymous_8)
FN:58,(anonymous_9)
FN:64,(anonymous_10)
FN:73,(anonymous_11)
FN:80,(anonymous_12)
FN:86,(anonymous_13)
FN:95,(anonymous_14)
FN:96,(anonymous_15)
FN:107,(anonymous_16)
FN:116,(anonymous_17)
FN:117,(anonymous_18)
FN:128,(anonymous_19)
FN:138,(anonymous_20)
FN:140,(anonymous_21)
FN:141,(anonymous_22)
FN:147,(anonymous_23)
FN:157,(anonymous_24)
FN:158,(anonymous_25)
FN:169,(anonymous_26)
FN:178,(anonymous_27)
FN:179,(anonymous_28)
FN:190,(anonymous_29)
FN:199,(anonymous_30)
FN:200,(anonymous_31)
FN:211,(anonymous_32)
FN:220,(anonymous_33)
FN:222,(anonymous_34)
FN:224,(anonymous_35)
FN:230,(anonymous_36)
FN:238,(anonymous_37)
FN:244,(anonymous_38)
FN:245,(anonymous_39)
FN:251,(anonymous_40)
FN:259,(anonymous_41)
FN:261,(anonymous_42)
FN:263,(anonymous_43)
FN:269,(anonymous_44)
FN:277,(anonymous_45)
FN:283,(anonymous_46)
FN:294,(anonymous_47)
FN:295,(anonymous_48)
FN:301,(anonymous_49)
FN:309,(anonymous_50)
FNF:51
FNH:0
FNDA:0,(anonymous_0)
FNDA:0,(anonymous_1)
FNDA:0,(anonymous_2)
FNDA:0,(anonymous_3)
FNDA:0,(anonymous_4)
FNDA:0,(anonymous_5)
FNDA:0,(anonymous_6)
FNDA:0,(anonymous_7)
FNDA:0,(anonymous_8)
FNDA:0,(anonymous_9)
FNDA:0,(anonymous_10)
FNDA:0,(anonymous_11)
FNDA:0,(anonymous_12)
FNDA:0,(anonymous_13)
FNDA:0,(anonymous_14)
FNDA:0,(anonymous_15)
FNDA:0,(anonymous_16)
FNDA:0,(anonymous_17)
FNDA:0,(anonymous_18)
FNDA:0,(anonymous_19)
FNDA:0,(anonymous_20)
FNDA:0,(anonymous_21)
FNDA:0,(anonymous_22)
FNDA:0,(anonymous_23)
FNDA:0,(anonymous_24)
FNDA:0,(anonymous_25)
FNDA:0,(anonymous_26)
FNDA:0,(anonymous_27)
FNDA:0,(anonymous_28)
FNDA:0,(anonymous_29)
FNDA:0,(anonymous_30)
FNDA:0,(anonymous_31)
FNDA:0,(anonymous_32)
FNDA:0,(anonymous_33)
FNDA:0,(anonymous_34)
FNDA:0,(anonymous_35)
FNDA:0,(anonymous_36)
FNDA:0,(anonymous_37)
FNDA:0,(anonymous_38)
FNDA:0,(anonymous_39)
FNDA:0,(anonymous_40)
FNDA:0,(anonymous_41)
FNDA:0,(anonymous_42)
FNDA:0,(anonymous_43)
FNDA:0,(anonymous_44)
FNDA:0,(anonymous_45)
FNDA:0,(anonymous_46)
FNDA:0,(anonymous_47)
FNDA:0,(anonymous_48)
FNDA:0,(anonymous_49)
FNDA:0,(anonymous_50)
DA:1,0
DA:8,0
DA:10,0
DA:12,0
DA:13,0
DA:14,0
DA:20,0
DA:22,0
DA:23,0
DA:24,0
DA:29,0
DA:35,0
DA:36,0
DA:37,0
DA:38,0
DA:44,0
DA:45,0
DA:46,0
DA:52,0
DA:53,0
DA:54,0
DA:55,0
DA:58,0
DA:59,0
DA:65,0
DA:66,0
DA:67,0
DA:73,0
DA:74,0
DA:75,0
DA:80,0
DA:81,0
DA:87,0
DA:88,0
DA:89,0
DA:95,0
DA:96,0
DA:97,0
DA:102,0
DA:108,0
DA:109,0
DA:110,0
DA:116,0
DA:117,0
DA:118,0
DA:123,0
DA:129,0
DA:130,0
DA:131,0
DA:132,0
DA:138,0
DA:140,0
DA:141,0
DA:142,0
DA:148,0
DA:149,0
DA:150,0
DA:151,0
DA:157,0
DA:158,0
DA:159,0
DA:164,0
DA:170,0
DA:171,0
DA:172,0
DA:178,0
DA:179,0
DA:180,0
DA:185,0
DA:191,0
DA:192,0
DA:193,0
DA:199,0
DA:200,0
DA:201,0
DA:206,0
DA:212,0
DA:213,0
DA:214,0
DA:220,0
DA:222,0
DA:224,0
DA:225,0
DA:231,0
DA:232,0
DA:233,0
DA:234,0
DA:235,0
DA:238,0
DA:239,0
DA:244,0
DA:245,0
DA:246,0
DA:252,0
DA:253,0
DA:259,0
DA:261,0
DA:263,0
DA:264,0
DA:270,0
DA:271,0
DA:272,0
DA:273,0
DA:274,0
DA:277,0
DA:278,0
DA:284,0
DA:285,0
DA:286,0
DA:287,0
DA:288,0
DA:294,0
DA:295,0
DA:296,0
DA:302,0
DA:303,0
DA:309,0
LF:117
LH:0
BRDA:8,0,0,0
BRDA:8,1,0,0
BRF:2
BRH:0
end_of_record
TN:
SF:src/user/types/index.ts
FNF:0
FNH:0
DA:1,0
DA:2,0
DA:3,0
LF:3
LH:0
BRF:0
BRH:0
end_of_record
